0 info it worked if it ends with ok
1 verbose cli [ 'C:\\Program Files\\nodejs\\node.exe',
1 verbose cli   'C:\\Documents and Settings\\Kolobok\\Application Data\\npm\\node_modules\\npm\\bin\\npm-cli.js',
1 verbose cli   'start' ]
2 info using npm@4.0.3
3 info using node@v5.12.0
4 verbose run-script [ 'prestart', 'start', 'poststart' ]
5 info lifecycle schedule-app@1.0.0~prestart: schedule-app@1.0.0
6 silly lifecycle schedule-app@1.0.0~prestart: no script for prestart, continuing
7 info lifecycle schedule-app@1.0.0~start: schedule-app@1.0.0
8 verbose lifecycle schedule-app@1.0.0~start: unsafe-perm in lifecycle true
9 verbose lifecycle schedule-app@1.0.0~start: PATH: C:\Documents and Settings\Kolobok\Application Data\npm\node_modules\npm\bin\node-gyp-bin;C:\Documents and Settings\Kolobok\Рабочий стол\schedule-app\node_modules\.bin;C:\Ruby200\bin;C:\Program Files\ImageMagick-7.0.1-Q16;C:\Documents and Settings\All Users\Application Data\Oracle\Java\javapath;C:\Program Files\NVIDIA Corporation\PhysX\Common;C:\WINDOWS\system32;C:\WINDOWS;C:\WINDOWS\System32\Wbem;C:\Program Files\Pinnacle\Shared Files;C:\Program Files\Pinnacle\Shared Files\Filter;C:\Program Files\Common Files\Nero\Lib\;C:\Program Files\Common Files\Teleca Shared;c:\Program Files\Common Files\Ulead Systems\MPEG;C:\Program Files\Git\cmdC:\Program Files\Sublime Text 3C:\Windows\System32;C:\Program Files\nodejs\;C:\Program Files\Sublime Text 3;C:\Documents and Settings\Kolobok\Application Data\npm
10 verbose lifecycle schedule-app@1.0.0~start: CWD: C:\Documents and Settings\Kolobok\Рабочий стол\schedule-app
11 silly lifecycle schedule-app@1.0.0~start: Args: [ '/d /s /c', 'node scripts/start.js' ]
12 silly lifecycle schedule-app@1.0.0~start: Returned: code: 3221225786  signal: null
13 info lifecycle schedule-app@1.0.0~start: Failed to exec start script
14 verbose stack Error: schedule-app@1.0.0 start: `node scripts/start.js`
14 verbose stack Exit status 3221225786
14 verbose stack     at EventEmitter.<anonymous> (C:\Documents and Settings\Kolobok\Application Data\npm\node_modules\npm\lib\utils\lifecycle.js:279:16)
14 verbose stack     at emitTwo (events.js:100:13)
14 verbose stack     at EventEmitter.emit (events.js:185:7)
14 verbose stack     at ChildProcess.<anonymous> (C:\Documents and Settings\Kolobok\Application Data\npm\node_modules\npm\lib\utils\spawn.js:40:14)
14 verbose stack     at emitTwo (events.js:100:13)
14 verbose stack     at ChildProcess.emit (events.js:185:7)
14 verbose stack     at maybeClose (internal/child_process.js:850:16)
14 verbose stack     at Process.ChildProcess._handle.onexit (internal/child_process.js:215:5)
15 verbose pkgid schedule-app@1.0.0
16 verbose cwd C:\Documents and Settings\Kolobok\Рабочий стол\schedule-app
17 error Windows_NT 5.1.2600
18 error argv "C:\\Program Files\\nodejs\\node.exe" "C:\\Documents and Settings\\Kolobok\\Application Data\\npm\\node_modules\\npm\\bin\\npm-cli.js" "start"
19 error node v5.12.0
20 error npm  v4.0.3
21 error code ELIFECYCLE
22 error schedule-app@1.0.0 start: `node scripts/start.js`
22 error Exit status 3221225786
23 error Failed at the schedule-app@1.0.0 start script 'node scripts/start.js'.
23 error Make sure you have the latest version of node.js and npm installed.
23 error If you do, this is most likely a problem with the schedule-app package,
23 error not with npm itself.
23 error Tell the author that this fails on your system:
23 error     node scripts/start.js
23 error You can get information on how to open an issue for this project with:
23 error     npm bugs schedule-app
23 error Or if that isn't available, you can get their info via:
23 error     npm owner ls schedule-app
23 error There is likely additional logging output above.
24 verbose exit [ 1, true ]
